<?xml version="1.0" encoding="UTF-8"?>
<!-- Generated by org.testng.reporters.JUnitReportReporter -->
<testsuite hostname="Free" failures="0" tests="1" name="Vizza.InsuranceFlow" time="127.681" errors="0" timestamp="2025-06-20T16:24:07 IST" skipped="0">
  <testcase classname="Vizza.InsuranceFlow" name="Assure_1B" time="127.681"/>
</testsuite> <!-- Vizza.InsuranceFlow -->
