<?xml version="1.0" encoding="UTF-8"?>
<!-- Generated by org.testng.reporters.JUnitReportReporter -->
<testsuite hostname="Afraah_Abhi" failures="0" tests="1" name="Vizza.InsuranceFlow" time="151.350" errors="0" timestamp="2025-07-19T17:33:41 IST" skipped="0">
  <testcase classname="Vizza.InsuranceFlow" name="Assure_1A" time="151.350"/>
</testsuite> <!-- Vizza.InsuranceFlow -->
